Determining if the pthread_create exist failed with the following output:
Change Dir: /media/psf/NTRT_MachineLearning/env/build/gmocktest_1_7/CMakeFiles/CMakeTmp

Run Build Command:/usr/bin/make "cmTryCompileExec722912324/fast"
/usr/bin/make -f CMakeFiles/cmTryCompileExec722912324.dir/build.make CMakeFiles/cmTryCompileExec722912324.dir/build
make[1]: Entering directory `/media/psf/NTRT_MachineLearning/env/build/gmocktest_1_7/CMakeFiles/CMakeTmp'
/usr/bin/cmake -E cmake_progress_report /media/psf/NTRT_MachineLearning/env/build/gmocktest_1_7/CMakeFiles/CMakeTmp/CMakeFiles 1
Building C object CMakeFiles/cmTryCompileExec722912324.dir/CheckSymbolExists.c.o
/usr/bin/cc   -fPIC    -o CMakeFiles/cmTryCompileExec722912324.dir/CheckSymbolExists.c.o   -c /media/psf/NTRT_MachineLearning/env/build/gmocktest_1_7/CMakeFiles/CMakeTmp/CheckSymbolExists.c
Linking C executable cmTryCompileExec722912324
/usr/bin/cmake -E cmake_link_script CMakeFiles/cmTryCompileExec722912324.dir/link.txt --verbose=1
/usr/bin/cc  -fPIC     CMakeFiles/cmTryCompileExec722912324.dir/CheckSymbolExists.c.o  -o cmTryCompileExec722912324 -rdynamic 
CMakeFiles/cmTryCompileExec722912324.dir/CheckSymbolExists.c.o: In function `main':
CheckSymbolExists.c:(.text+0x1b): undefined reference to `pthread_create'
collect2: error: ld returned 1 exit status
make[1]: *** [cmTryCompileExec722912324] Error 1
make[1]: Leaving directory `/media/psf/NTRT_MachineLearning/env/build/gmocktest_1_7/CMakeFiles/CMakeTmp'
make: *** [cmTryCompileExec722912324/fast] Error 2

File /media/psf/NTRT_MachineLearning/env/build/gmocktest_1_7/CMakeFiles/CMakeTmp/CheckSymbolExists.c:
/* */
#include <pthread.h>

int main(int argc, char** argv)
{
  (void)argv;
#ifndef pthread_create
  return ((int*)(&pthread_create))[argc];
#else
  (void)argc;
  return 0;
#endif
}

Determining if the function pthread_create exists in the pthreads failed with the following output:
Change Dir: /media/psf/NTRT_MachineLearning/env/build/gmocktest_1_7/CMakeFiles/CMakeTmp

Run Build Command:/usr/bin/make "cmTryCompileExec1457638675/fast"
/usr/bin/make -f CMakeFiles/cmTryCompileExec1457638675.dir/build.make CMakeFiles/cmTryCompileExec1457638675.dir/build
make[1]: Entering directory `/media/psf/NTRT_MachineLearning/env/build/gmocktest_1_7/CMakeFiles/CMakeTmp'
/usr/bin/cmake -E cmake_progress_report /media/psf/NTRT_MachineLearning/env/build/gmocktest_1_7/CMakeFiles/CMakeTmp/CMakeFiles 1
Building C object CMakeFiles/cmTryCompileExec1457638675.dir/CheckFunctionExists.c.o
/usr/bin/cc   -fPIC -DCHECK_FUNCTION_EXISTS=pthread_create   -o CMakeFiles/cmTryCompileExec1457638675.dir/CheckFunctionExists.c.o   -c /usr/share/cmake-2.8/Modules/CheckFunctionExists.c
Linking C executable cmTryCompileExec1457638675
/usr/bin/cmake -E cmake_link_script CMakeFiles/cmTryCompileExec1457638675.dir/link.txt --verbose=1
/usr/bin/cc  -fPIC -DCHECK_FUNCTION_EXISTS=pthread_create    CMakeFiles/cmTryCompileExec1457638675.dir/CheckFunctionExists.c.o  -o cmTryCompileExec1457638675 -rdynamic -lpthreads 
/usr/bin/ld: cannot find -lpthreads
collect2: error: ld returned 1 exit status
make[1]: Leaving directory `/media/psf/NTRT_MachineLearning/env/build/gmocktest_1_7/CMakeFiles/CMakeTmp'
make[1]: *** [cmTryCompileExec1457638675] Error 1
make: *** [cmTryCompileExec1457638675/fast] Error 2


